Analysis & Synthesis report for LAB7
Wed Nov 20 17:31:52 2024
Quartus Prime Version 23.1std.1 Build 993 05/14/2024 SC Lite Edition


---------------------
; Table of Contents ;
---------------------
  1. Legal Notice
  2. Analysis & Synthesis Summary
  3. Analysis & Synthesis Settings
  4. Parallel Compilation
  5. Analysis & Synthesis Source Files Read
  6. Analysis & Synthesis Resource Usage Summary
  7. Analysis & Synthesis Resource Utilization by Entity
  8. State Machine - |ALUcontroller|controller:_cont|current_step
  9. Registers Removed During Synthesis
 10. General Register Statistics
 11. Multiplexer Restructuring Statistics (Restructuring Performed)
 12. Parameter Settings for User Entity Instance: debouncer:clkdeb
 13. Parameter Settings for User Entity Instance: regN:Areg
 14. Parameter Settings for User Entity Instance: regN:Creg
 15. Parameter Settings for User Entity Instance: regN:ALUreg
 16. Parameter Settings for User Entity Instance: regN:statusreg
 17. Parameter Settings for User Entity Instance: ALU:_ALU
 18. Port Connectivity Checks: "ALU:_ALU"
 19. Post-Synthesis Netlist Statistics for Top Partition
 20. Elapsed Time Per Partition
 21. Analysis & Synthesis Messages



----------------
; Legal Notice ;
----------------
Copyright (C) 2024  Intel Corporation. All rights reserved.
Your use of Intel Corporation's design tools, logic functions 
and other software and tools, and any partner logic 
functions, and any output files from any of the foregoing 
(including device programming or simulation files), and any 
associated documentation or information are expressly subject 
to the terms and conditions of the Intel Program License 
Subscription Agreement, the Intel Quartus Prime License Agreement,
the Intel FPGA IP License Agreement, or other applicable license
agreement, including, without limitation, that your use is for
the sole purpose of programming logic devices manufactured by
Intel and sold by Intel or its authorized distributors.  Please
refer to the applicable agreement for further details, at
https://fpgasoftware.intel.com/eula.



+-------------------------------------------------------------------------------------+
; Analysis & Synthesis Summary                                                        ;
+------------------------------------+------------------------------------------------+
; Analysis & Synthesis Status        ; Successful - Wed Nov 20 17:31:52 2024          ;
; Quartus Prime Version              ; 23.1std.1 Build 993 05/14/2024 SC Lite Edition ;
; Revision Name                      ; LAB7                                           ;
; Top-level Entity Name              ; ALUcontroller                                  ;
; Family                             ; MAX 10                                         ;
; Total logic elements               ; 116                                            ;
;     Total combinational functions  ; 105                                            ;
;     Dedicated logic registers      ; 40                                             ;
; Total registers                    ; 40                                             ;
; Total pins                         ; 58                                             ;
; Total virtual pins                 ; 0                                              ;
; Total memory bits                  ; 0                                              ;
; Embedded Multiplier 9-bit elements ; 0                                              ;
; Total PLLs                         ; 0                                              ;
; UFM blocks                         ; 0                                              ;
; ADC blocks                         ; 0                                              ;
+------------------------------------+------------------------------------------------+


+------------------------------------------------------------------------------------------------------------+
; Analysis & Synthesis Settings                                                                              ;
+------------------------------------------------------------------+--------------------+--------------------+
; Option                                                           ; Setting            ; Default Value      ;
+------------------------------------------------------------------+--------------------+--------------------+
; Device                                                           ; 10M50DAF484C7G     ;                    ;
; Top-level entity name                                            ; ALUcontroller      ; LAB7               ;
; Family name                                                      ; MAX 10             ; Cyclone V          ;
; Use smart compilation                                            ; Off                ; Off                ;
; Enable parallel Assembler and Timing Analyzer during compilation ; On                 ; On                 ;
; Enable compact report table                                      ; Off                ; Off                ;
; Restructure Multiplexers                                         ; Auto               ; Auto               ;
; Create Debugging Nodes for IP Cores                              ; Off                ; Off                ;
; Preserve fewer node names                                        ; On                 ; On                 ;
; Intel FPGA IP Evaluation Mode                                    ; Enable             ; Enable             ;
; Verilog Version                                                  ; Verilog_2001       ; Verilog_2001       ;
; VHDL Version                                                     ; VHDL_1993          ; VHDL_1993          ;
; State Machine Processing                                         ; Auto               ; Auto               ;
; Safe State Machine                                               ; Off                ; Off                ;
; Extract Verilog State Machines                                   ; On                 ; On                 ;
; Extract VHDL State Machines                                      ; On                 ; On                 ;
; Ignore Verilog initial constructs                                ; Off                ; Off                ;
; Iteration limit for constant Verilog loops                       ; 5000               ; 5000               ;
; Iteration limit for non-constant Verilog loops                   ; 250                ; 250                ;
; Add Pass-Through Logic to Inferred RAMs                          ; On                 ; On                 ;
; Infer RAMs from Raw Logic                                        ; On                 ; On                 ;
; Parallel Synthesis                                               ; On                 ; On                 ;
; DSP Block Balancing                                              ; Auto               ; Auto               ;
; NOT Gate Push-Back                                               ; On                 ; On                 ;
; Power-Up Don't Care                                              ; On                 ; On                 ;
; Remove Redundant Logic Cells                                     ; Off                ; Off                ;
; Remove Duplicate Registers                                       ; On                 ; On                 ;
; Ignore CARRY Buffers                                             ; Off                ; Off                ;
; Ignore CASCADE Buffers                                           ; Off                ; Off                ;
; Ignore GLOBAL Buffers                                            ; Off                ; Off                ;
; Ignore ROW GLOBAL Buffers                                        ; Off                ; Off                ;
; Ignore LCELL Buffers                                             ; Off                ; Off                ;
; Ignore SOFT Buffers                                              ; On                 ; On                 ;
; Limit AHDL Integers to 32 Bits                                   ; Off                ; Off                ;
; Optimization Technique                                           ; Balanced           ; Balanced           ;
; Carry Chain Length                                               ; 70                 ; 70                 ;
; Auto Carry Chains                                                ; On                 ; On                 ;
; Auto Open-Drain Pins                                             ; On                 ; On                 ;
; Perform WYSIWYG Primitive Resynthesis                            ; Off                ; Off                ;
; Auto ROM Replacement                                             ; On                 ; On                 ;
; Auto RAM Replacement                                             ; On                 ; On                 ;
; Auto DSP Block Replacement                                       ; On                 ; On                 ;
; Auto Shift Register Replacement                                  ; Auto               ; Auto               ;
; Allow Shift Register Merging across Hierarchies                  ; Auto               ; Auto               ;
; Auto Clock Enable Replacement                                    ; On                 ; On                 ;
; Strict RAM Replacement                                           ; Off                ; Off                ;
; Allow Synchronous Control Signals                                ; On                 ; On                 ;
; Force Use of Synchronous Clear Signals                           ; Off                ; Off                ;
; Auto RAM Block Balancing                                         ; On                 ; On                 ;
; Auto RAM to Logic Cell Conversion                                ; Off                ; Off                ;
; Auto Resource Sharing                                            ; Off                ; Off                ;
; Allow Any RAM Size For Recognition                               ; Off                ; Off                ;
; Allow Any ROM Size For Recognition                               ; Off                ; Off                ;
; Allow Any Shift Register Size For Recognition                    ; Off                ; Off                ;
; Use LogicLock Constraints during Resource Balancing              ; On                 ; On                 ;
; Ignore translate_off and synthesis_off directives                ; Off                ; Off                ;
; Timing-Driven Synthesis                                          ; On                 ; On                 ;
; Report Parameter Settings                                        ; On                 ; On                 ;
; Report Source Assignments                                        ; On                 ; On                 ;
; Report Connectivity Checks                                       ; On                 ; On                 ;
; Ignore Maximum Fan-Out Assignments                               ; Off                ; Off                ;
; Synchronization Register Chain Length                            ; 2                  ; 2                  ;
; Power Optimization During Synthesis                              ; Normal compilation ; Normal compilation ;
; HDL message level                                                ; Level2             ; Level2             ;
; Suppress Register Optimization Related Messages                  ; Off                ; Off                ;
; Number of Removed Registers Reported in Synthesis Report         ; 5000               ; 5000               ;
; Number of Swept Nodes Reported in Synthesis Report               ; 5000               ; 5000               ;
; Number of Inverted Registers Reported in Synthesis Report        ; 100                ; 100                ;
; Clock MUX Protection                                             ; On                 ; On                 ;
; Auto Gated Clock Conversion                                      ; Off                ; Off                ;
; Block Design Naming                                              ; Auto               ; Auto               ;
; SDC constraint protection                                        ; Off                ; Off                ;
; Synthesis Effort                                                 ; Auto               ; Auto               ;
; Shift Register Replacement - Allow Asynchronous Clear Signal     ; On                 ; On                 ;
; Pre-Mapping Resynthesis Optimization                             ; Off                ; Off                ;
; Analysis & Synthesis Message Level                               ; Medium             ; Medium             ;
; Disable Register Merging Across Hierarchies                      ; Auto               ; Auto               ;
; Resource Aware Inference For Block RAM                           ; On                 ; On                 ;
+------------------------------------------------------------------+--------------------+--------------------+


+------------------------------------------+
; Parallel Compilation                     ;
+----------------------------+-------------+
; Processors                 ; Number      ;
+----------------------------+-------------+
; Number detected on machine ; 20          ;
; Maximum allowed            ; 12          ;
;                            ;             ;
; Average used               ; 1.00        ;
; Maximum used               ; 12          ;
;                            ;             ;
; Usage by Processor         ; % Time Used ;
;     Processor 1            ; 100.0%      ;
;     Processors 2-12        ;   0.0%      ;
+----------------------------+-------------+


+----------------------------------------------------------------------------------------------------------------------------------------------------+
; Analysis & Synthesis Source Files Read                                                                                                             ;
+----------------------------------+-----------------+------------------------------+------------------------------------------------------+---------+
; File Name with User-Entered Path ; Used in Netlist ; File Type                    ; File Name with Absolute Path                         ; Library ;
+----------------------------------+-----------------+------------------------------+------------------------------------------------------+---------+
; regN.sv                          ; yes             ; User SystemVerilog HDL File  ; C:/Users/DIGITLAB1/Desktop/LAB7 (1)/regN.sv          ;         ;
; controller.sv                    ; yes             ; User SystemVerilog HDL File  ; C:/Users/DIGITLAB1/Desktop/LAB7 (1)/controller.sv    ;         ;
; ALUcontroller.sv                 ; yes             ; User SystemVerilog HDL File  ; C:/Users/DIGITLAB1/Desktop/LAB7 (1)/ALUcontroller.sv ;         ;
; ALU.sv                           ; yes             ; User SystemVerilog HDL File  ; C:/Users/DIGITLAB1/Desktop/LAB7 (1)/ALU.sv           ;         ;
; seven_seg.sv                     ; yes             ; User SystemVerilog HDL File  ; C:/Users/DIGITLAB1/Desktop/LAB7 (1)/seven_seg.sv     ;         ;
; dec416sv.sv                      ; yes             ; User SystemVerilog HDL File  ; C:/Users/DIGITLAB1/Desktop/LAB7 (1)/dec416sv.sv      ;         ;
; debouncer.sv                     ; yes             ; User SystemVerilog HDL File  ; C:/Users/DIGITLAB1/Desktop/LAB7 (1)/debouncer.sv     ;         ;
+----------------------------------+-----------------+------------------------------+------------------------------------------------------+---------+


+------------------------------------------------------------------+
; Analysis & Synthesis Resource Usage Summary                      ;
+---------------------------------------------+--------------------+
; Resource                                    ; Usage              ;
+---------------------------------------------+--------------------+
; Estimated Total logic elements              ; 116                ;
;                                             ;                    ;
; Total combinational functions               ; 105                ;
; Logic element usage by number of LUT inputs ;                    ;
;     -- 4 input functions                    ; 59                 ;
;     -- 3 input functions                    ; 18                 ;
;     -- <=2 input functions                  ; 28                 ;
;                                             ;                    ;
; Logic elements by mode                      ;                    ;
;     -- normal mode                          ; 81                 ;
;     -- arithmetic mode                      ; 24                 ;
;                                             ;                    ;
; Total registers                             ; 40                 ;
;     -- Dedicated logic registers            ; 40                 ;
;     -- I/O registers                        ; 0                  ;
;                                             ;                    ;
; I/O pins                                    ; 58                 ;
;                                             ;                    ;
; Embedded Multiplier 9-bit elements          ; 0                  ;
;                                             ;                    ;
; Maximum fan-out node                        ; debouncer:clkdeb|A ;
; Maximum fan-out                             ; 25                 ;
; Total fan-out                               ; 565                ;
; Average fan-out                             ; 2.16               ;
+---------------------------------------------+--------------------+


+--------------------------------------------------------------------------------------------------------------------------------------------------------------------------------------------------------------------------------------------------+
; Analysis & Synthesis Resource Utilization by Entity                                                                                                                                                                                              ;
+----------------------------+---------------------+---------------------------+-------------+------------+--------------+---------+-----------+------+--------------+------------+---------------------------------+---------------+--------------+
; Compilation Hierarchy Node ; Combinational ALUTs ; Dedicated Logic Registers ; Memory Bits ; UFM Blocks ; DSP Elements ; DSP 9x9 ; DSP 18x18 ; Pins ; Virtual Pins ; ADC blocks ; Full Hierarchy Name             ; Entity Name   ; Library Name ;
+----------------------------+---------------------+---------------------------+-------------+------------+--------------+---------+-----------+------+--------------+------------+---------------------------------+---------------+--------------+
; |ALUcontroller             ; 105 (0)             ; 40 (0)                    ; 0           ; 0          ; 0            ; 0       ; 0         ; 58   ; 0            ; 0          ; |ALUcontroller                  ; ALUcontroller ; work         ;
;    |ALU:_ALU|              ; 39 (39)             ; 0 (0)                     ; 0           ; 0          ; 0            ; 0       ; 0         ; 0    ; 0            ; 0          ; |ALUcontroller|ALU:_ALU         ; ALU           ; work         ;
;    |controller:_cont|      ; 1 (1)               ; 1 (1)                     ; 0           ; 0          ; 0            ; 0       ; 0         ; 0    ; 0            ; 0          ; |ALUcontroller|controller:_cont ; controller    ; work         ;
;    |debouncer:clkdeb|      ; 23 (23)             ; 17 (17)                   ; 0           ; 0          ; 0            ; 0       ; 0         ; 0    ; 0            ; 0          ; |ALUcontroller|debouncer:clkdeb ; debouncer     ; work         ;
;    |regN:ALUreg|           ; 0 (0)               ; 2 (2)                     ; 0           ; 0          ; 0            ; 0       ; 0         ; 0    ; 0            ; 0          ; |ALUcontroller|regN:ALUreg      ; regN          ; work         ;
;    |regN:Areg|             ; 0 (0)               ; 8 (8)                     ; 0           ; 0          ; 0            ; 0       ; 0         ; 0    ; 0            ; 0          ; |ALUcontroller|regN:Areg        ; regN          ; work         ;
;    |regN:Creg|             ; 0 (0)               ; 8 (8)                     ; 0           ; 0          ; 0            ; 0       ; 0         ; 0    ; 0            ; 0          ; |ALUcontroller|regN:Creg        ; regN          ; work         ;
;    |regN:statusreg|        ; 0 (0)               ; 4 (4)                     ; 0           ; 0          ; 0            ; 0       ; 0         ; 0    ; 0            ; 0          ; |ALUcontroller|regN:statusreg   ; regN          ; work         ;
;    |seven_seg:hexA0|       ; 7 (7)               ; 0 (0)                     ; 0           ; 0          ; 0            ; 0       ; 0         ; 0    ; 0            ; 0          ; |ALUcontroller|seven_seg:hexA0  ; seven_seg     ; work         ;
;    |seven_seg:hexA1|       ; 7 (7)               ; 0 (0)                     ; 0           ; 0          ; 0            ; 0       ; 0         ; 0    ; 0            ; 0          ; |ALUcontroller|seven_seg:hexA1  ; seven_seg     ; work         ;
;    |seven_seg:hexB0|       ; 7 (7)               ; 0 (0)                     ; 0           ; 0          ; 0            ; 0       ; 0         ; 0    ; 0            ; 0          ; |ALUcontroller|seven_seg:hexB0  ; seven_seg     ; work         ;
;    |seven_seg:hexB1|       ; 7 (7)               ; 0 (0)                     ; 0           ; 0          ; 0            ; 0       ; 0         ; 0    ; 0            ; 0          ; |ALUcontroller|seven_seg:hexB1  ; seven_seg     ; work         ;
;    |seven_seg:hexC0|       ; 7 (7)               ; 0 (0)                     ; 0           ; 0          ; 0            ; 0       ; 0         ; 0    ; 0            ; 0          ; |ALUcontroller|seven_seg:hexC0  ; seven_seg     ; work         ;
;    |seven_seg:hexC1|       ; 7 (7)               ; 0 (0)                     ; 0           ; 0          ; 0            ; 0       ; 0         ; 0    ; 0            ; 0          ; |ALUcontroller|seven_seg:hexC1  ; seven_seg     ; work         ;
+----------------------------+---------------------+---------------------------+-------------+------------+--------------+---------+-----------+------+--------------+------------+---------------------------------+---------------+--------------+
Note: For table entries with two numbers listed, the numbers in parentheses indicate the number of resources of the given type used by the specific entity alone. The numbers listed outside of parentheses indicate the total resources of the given type used by the specific entity and all of its sub-entities in the hierarchy.


Encoding Type:  One-Hot
+--------------------------------------------------------------+
; State Machine - |ALUcontroller|controller:_cont|current_step ;
+--------------------+-----------------------------------------+
; Name               ; current_step.STEP1                      ;
+--------------------+-----------------------------------------+
; current_step.STEP0 ; 0                                       ;
; current_step.STEP1 ; 1                                       ;
+--------------------+-----------------------------------------+


+------------------------------------------------------------+
; Registers Removed During Synthesis                         ;
+---------------------------------------+--------------------+
; Register name                         ; Reason for Removal ;
+---------------------------------------+--------------------+
; controller:_cont|current_step~3       ; Lost fanout        ;
; Total Number of Removed Registers = 1 ;                    ;
+---------------------------------------+--------------------+


+------------------------------------------------------+
; General Register Statistics                          ;
+----------------------------------------------+-------+
; Statistic                                    ; Value ;
+----------------------------------------------+-------+
; Total registers                              ; 40    ;
; Number of registers using Synchronous Clear  ; 16    ;
; Number of registers using Synchronous Load   ; 0     ;
; Number of registers using Asynchronous Clear ; 0     ;
; Number of registers using Asynchronous Load  ; 0     ;
; Number of registers using Clock Enable       ; 22    ;
; Number of registers using Preset             ; 0     ;
+----------------------------------------------+-------+


+--------------------------------------------------------------------------------------------------------------------------------------------+
; Multiplexer Restructuring Statistics (Restructuring Performed)                                                                             ;
+--------------------+-----------+---------------+----------------------+------------------------+------------+------------------------------+
; Multiplexer Inputs ; Bus Width ; Baseline Area ; Area if Restructured ; Saving if Restructured ; Registered ; Example Multiplexer Output   ;
+--------------------+-----------+---------------+----------------------+------------------------+------------+------------------------------+
; 4:1                ; 8 bits    ; 16 LEs        ; 16 LEs               ; 0 LEs                  ; No         ; |ALUcontroller|ALU:_ALU|Mux8 ;
+--------------------+-----------+---------------+----------------------+------------------------+------------+------------------------------+


+---------------------------------------------------------------+
; Parameter Settings for User Entity Instance: debouncer:clkdeb ;
+----------------+------------------+---------------------------+
; Parameter Name ; Value            ; Type                      ;
+----------------+------------------+---------------------------+
; COMPARE        ; 1100001101010000 ; Unsigned Binary           ;
+----------------+------------------+---------------------------+
Note: In order to hide this table in the UI and the text report file, please set the "Show Parameter Settings in Synthesis Report" option in "Analysis and Synthesis Settings -> More Settings" to "Off".


+--------------------------------------------------------+
; Parameter Settings for User Entity Instance: regN:Areg ;
+----------------+-------+-------------------------------+
; Parameter Name ; Value ; Type                          ;
+----------------+-------+-------------------------------+
; N              ; 8     ; Signed Integer                ;
+----------------+-------+-------------------------------+
Note: In order to hide this table in the UI and the text report file, please set the "Show Parameter Settings in Synthesis Report" option in "Analysis and Synthesis Settings -> More Settings" to "Off".


+--------------------------------------------------------+
; Parameter Settings for User Entity Instance: regN:Creg ;
+----------------+-------+-------------------------------+
; Parameter Name ; Value ; Type                          ;
+----------------+-------+-------------------------------+
; N              ; 8     ; Signed Integer                ;
+----------------+-------+-------------------------------+
Note: In order to hide this table in the UI and the text report file, please set the "Show Parameter Settings in Synthesis Report" option in "Analysis and Synthesis Settings -> More Settings" to "Off".


+----------------------------------------------------------+
; Parameter Settings for User Entity Instance: regN:ALUreg ;
+----------------+-------+---------------------------------+
; Parameter Name ; Value ; Type                            ;
+----------------+-------+---------------------------------+
; N              ; 2     ; Signed Integer                  ;
+----------------+-------+---------------------------------+
Note: In order to hide this table in the UI and the text report file, please set the "Show Parameter Settings in Synthesis Report" option in "Analysis and Synthesis Settings -> More Settings" to "Off".


+-------------------------------------------------------------+
; Parameter Settings for User Entity Instance: regN:statusreg ;
+----------------+-------+------------------------------------+
; Parameter Name ; Value ; Type                               ;
+----------------+-------+------------------------------------+
; N              ; 4     ; Signed Integer                     ;
+----------------+-------+------------------------------------+
Note: In order to hide this table in the UI and the text report file, please set the "Show Parameter Settings in Synthesis Report" option in "Analysis and Synthesis Settings -> More Settings" to "Off".


+-------------------------------------------------------+
; Parameter Settings for User Entity Instance: ALU:_ALU ;
+----------------+-------+------------------------------+
; Parameter Name ; Value ; Type                         ;
+----------------+-------+------------------------------+
; N              ; 8     ; Signed Integer               ;
+----------------+-------+------------------------------+
Note: In order to hide this table in the UI and the text report file, please set the "Show Parameter Settings in Synthesis Report" option in "Analysis and Synthesis Settings -> More Settings" to "Off".


+--------------------------------------------------------------------------------------------------------------------------------------------------------+
; Port Connectivity Checks: "ALU:_ALU"                                                                                                                   ;
+--------+--------+----------+---------------------------------------------------------------------------------------------------------------------------+
; Port   ; Type   ; Severity ; Details                                                                                                                   ;
+--------+--------+----------+---------------------------------------------------------------------------------------------------------------------------+
; Result ; Output ; Warning  ; Output or bidir port (9 bits) is wider than the port expression (8 bits) it drives; bit(s) "Result[8..8]" have no fanouts ;
+--------+--------+----------+---------------------------------------------------------------------------------------------------------------------------+


+-----------------------------------------------------+
; Post-Synthesis Netlist Statistics for Top Partition ;
+-----------------------+-----------------------------+
; Type                  ; Count                       ;
+-----------------------+-----------------------------+
; boundary_port         ; 58                          ;
; cycloneiii_ff         ; 40                          ;
;     ENA               ; 22                          ;
;     SCLR              ; 16                          ;
;     plain             ; 2                           ;
; cycloneiii_lcell_comb ; 147                         ;
;     arith             ; 24                          ;
;         2 data inputs ; 16                          ;
;         3 data inputs ; 8                           ;
;     normal            ; 123                         ;
;         1 data inputs ; 45                          ;
;         2 data inputs ; 9                           ;
;         3 data inputs ; 10                          ;
;         4 data inputs ; 59                          ;
;                       ;                             ;
; Max LUT depth         ; 5.70                        ;
; Average LUT depth     ; 2.94                        ;
+-----------------------+-----------------------------+


+-------------------------------+
; Elapsed Time Per Partition    ;
+----------------+--------------+
; Partition Name ; Elapsed Time ;
+----------------+--------------+
; Top            ; 00:00:00     ;
+----------------+--------------+


+-------------------------------+
; Analysis & Synthesis Messages ;
+-------------------------------+
Info: *******************************************************************
Info: Running Quartus Prime Analysis & Synthesis
    Info: Version 23.1std.1 Build 993 05/14/2024 SC Lite Edition
    Info: Processing started: Wed Nov 20 17:31:38 2024
Info: Command: quartus_map --read_settings_files=on --write_settings_files=off LAB7 -c LAB7
Warning (18236): Number of processors has not been specified which may cause overloading on shared machines.  Set the global assignment NUM_PARALLEL_PROCESSORS in your QSF to an appropriate value for best performance.
Info (20030): Parallel compilation is enabled and will use 12 of the 12 processors detected
Info (12021): Found 1 design units, including 1 entities, in source file regn.sv
    Info (12023): Found entity 1: regN File: C:/Users/DIGITLAB1/Desktop/LAB7 (1)/regN.sv Line: 1
Info (12021): Found 1 design units, including 1 entities, in source file controller.sv
    Info (12023): Found entity 1: controller File: C:/Users/DIGITLAB1/Desktop/LAB7 (1)/controller.sv Line: 1
Info (12021): Found 1 design units, including 1 entities, in source file alucontroller.sv
    Info (12023): Found entity 1: ALUcontroller File: C:/Users/DIGITLAB1/Desktop/LAB7 (1)/ALUcontroller.sv Line: 38
Info (12021): Found 1 design units, including 1 entities, in source file alu.sv
    Info (12023): Found entity 1: ALU File: C:/Users/DIGITLAB1/Desktop/LAB7 (1)/ALU.sv Line: 1
Info (12021): Found 1 design units, including 1 entities, in source file adder4.sv
    Info (12023): Found entity 1: adder4 File: C:/Users/DIGITLAB1/Desktop/LAB7 (1)/adder4.sv Line: 1
Info (12021): Found 1 design units, including 1 entities, in source file fulladder.sv
    Info (12023): Found entity 1: fulladder File: C:/Users/DIGITLAB1/Desktop/LAB7 (1)/fulladder.sv Line: 1
Info (12021): Found 1 design units, including 1 entities, in source file ppcell.sv
    Info (12023): Found entity 1: ppcell File: C:/Users/DIGITLAB1/Desktop/LAB7 (1)/ppcell.sv Line: 1
Warning (12090): Entity "mult4" obtained from "mult4.sv" instead of from Quartus Prime megafunction library File: C:/Users/DIGITLAB1/Desktop/LAB7 (1)/mult4.sv Line: 1
Info (12021): Found 1 design units, including 1 entities, in source file mult4.sv
    Info (12023): Found entity 1: mult4 File: C:/Users/DIGITLAB1/Desktop/LAB7 (1)/mult4.sv Line: 1
Info (12021): Found 1 design units, including 1 entities, in source file lab7.sv
    Info (12023): Found entity 1: LAB7 File: C:/Users/DIGITLAB1/Desktop/LAB7 (1)/LAB7.sv Line: 4
Info (12021): Found 1 design units, including 1 entities, in source file seven_seg.sv
    Info (12023): Found entity 1: seven_seg File: C:/Users/DIGITLAB1/Desktop/LAB7 (1)/seven_seg.sv Line: 1
Info (12021): Found 1 design units, including 1 entities, in source file dec416sv.sv
    Info (12023): Found entity 1: dec416sv File: C:/Users/DIGITLAB1/Desktop/LAB7 (1)/dec416sv.sv Line: 1
Info (12021): Found 1 design units, including 1 entities, in source file debouncer.sv
    Info (12023): Found entity 1: debouncer File: C:/Users/DIGITLAB1/Desktop/LAB7 (1)/debouncer.sv Line: 15
Warning (10236): Verilog HDL Implicit Net warning at LAB7.sv(18): created implicit net for "P1" File: C:/Users/DIGITLAB1/Desktop/LAB7 (1)/LAB7.sv Line: 18
Warning (10236): Verilog HDL Implicit Net warning at LAB7.sv(19): created implicit net for "P2" File: C:/Users/DIGITLAB1/Desktop/LAB7 (1)/LAB7.sv Line: 19
Info (12127): Elaborating entity "ALUcontroller" for the top level hierarchy
Info (12128): Elaborating entity "debouncer" for hierarchy "debouncer:clkdeb" File: C:/Users/DIGITLAB1/Desktop/LAB7 (1)/ALUcontroller.sv Line: 51
Info (12128): Elaborating entity "controller" for hierarchy "controller:_cont" File: C:/Users/DIGITLAB1/Desktop/LAB7 (1)/ALUcontroller.sv Line: 60
Info (12128): Elaborating entity "regN" for hierarchy "regN:Areg" File: C:/Users/DIGITLAB1/Desktop/LAB7 (1)/ALUcontroller.sv Line: 70
Info (12128): Elaborating entity "regN" for hierarchy "regN:ALUreg" File: C:/Users/DIGITLAB1/Desktop/LAB7 (1)/ALUcontroller.sv Line: 74
Info (12128): Elaborating entity "regN" for hierarchy "regN:statusreg" File: C:/Users/DIGITLAB1/Desktop/LAB7 (1)/ALUcontroller.sv Line: 76
Info (12128): Elaborating entity "ALU" for hierarchy "ALU:_ALU" File: C:/Users/DIGITLAB1/Desktop/LAB7 (1)/ALUcontroller.sv Line: 84
Info (12128): Elaborating entity "seven_seg" for hierarchy "seven_seg:hexA1" File: C:/Users/DIGITLAB1/Desktop/LAB7 (1)/ALUcontroller.sv Line: 94
Info (12128): Elaborating entity "dec416sv" for hierarchy "seven_seg:hexA1|dec416sv:decode" File: C:/Users/DIGITLAB1/Desktop/LAB7 (1)/seven_seg.sv Line: 7
Warning (12241): 1 hierarchies have connectivity warnings - see the Connectivity Checks report folder
Info (286030): Timing-Driven Synthesis is running
Info (17049): 1 registers lost all their fanouts during netlist optimizations.
Info (16010): Generating hard_block partition "hard_block:auto_generated_inst"
    Info (16011): Adding 0 node(s), including 0 DDIO, 0 PLL, 0 transceiver and 0 LCELL
Info (21057): Implemented 183 device resources after synthesis - the final resource count might be different
    Info (21058): Implemented 12 input pins
    Info (21059): Implemented 46 output pins
    Info (21061): Implemented 125 logic cells
Info: Quartus Prime Analysis & Synthesis was successful. 0 errors, 5 warnings
    Info: Peak virtual memory: 4821 megabytes
    Info: Processing ended: Wed Nov 20 17:31:52 2024
    Info: Elapsed time: 00:00:14
    Info: Total CPU time (on all processors): 00:00:05


